Analysis & Synthesis report for accumulator_computer
Thu Jun 08 15:13:55 2023
Quartus II Version 9.0 Build 132 02/25/2009 SJ Web Edition


---------------------
; Table of Contents ;
---------------------
  1. Legal Notice
  2. Analysis & Synthesis Summary
  3. Analysis & Synthesis Settings
  4. Analysis & Synthesis Source Files Read
  5. Analysis & Synthesis Resource Usage Summary
  6. Analysis & Synthesis Resource Utilization by Entity
  7. Analysis & Synthesis RAM Summary
  8. Analysis & Synthesis DSP Block Usage Summary
  9. State Machine - |accumulator_computer|CPU:inst|state
 10. Registers Removed During Synthesis
 11. General Register Statistics
 12. Registers Added for RAM Pass-Through Logic
 13. Multiplexer Restructuring Statistics (Restructuring Performed)
 14. Source assignments for RAM:inst1|altsyncram:Memory_rtl_0|altsyncram_p5o1:auto_generated
 15. Parameter Settings for User Entity Instance: CPU:inst
 16. Parameter Settings for Inferred Entity Instance: RAM:inst1|altsyncram:Memory_rtl_0
 17. Parameter Settings for Inferred Entity Instance: CPU:inst|lpm_mult:Mult1
 18. Parameter Settings for Inferred Entity Instance: CPU:inst|lpm_mult:Mult0
 19. Parameter Settings for Inferred Entity Instance: CPU:inst|lpm_divide:Div1
 20. Parameter Settings for Inferred Entity Instance: CPU:inst|lpm_divide:Div0
 21. altsyncram Parameter Settings by Entity Instance
 22. lpm_mult Parameter Settings by Entity Instance
 23. Analysis & Synthesis Messages
 24. Analysis & Synthesis Suppressed Messages



----------------
; Legal Notice ;
----------------
Copyright (C) 1991-2009 Altera Corporation
Your use of Altera Corporation's design tools, logic functions 
and other software and tools, and its AMPP partner logic 
functions, and any output files from any of the foregoing 
(including device programming or simulation files), and any 
associated documentation or information are expressly subject 
to the terms and conditions of the Altera Program License 
Subscription Agreement, Altera MegaCore Function License 
Agreement, or other applicable license agreement, including, 
without limitation, that your use is for the sole purpose of 
programming logic devices manufactured by Altera and sold by 
Altera or its authorized distributors.  Please refer to the 
applicable agreement for further details.



+------------------------------------------------------------------------------+
; Analysis & Synthesis Summary                                                 ;
+------------------------------------+-----------------------------------------+
; Analysis & Synthesis Status        ; Successful - Thu Jun 08 15:13:55 2023   ;
; Quartus II Version                 ; 9.0 Build 132 02/25/2009 SJ Web Edition ;
; Revision Name                      ; accumulator_computer                    ;
; Top-level Entity Name              ; accumulator_computer                    ;
; Family                             ; Cyclone II                              ;
; Total logic elements               ; 952                                     ;
;     Total combinational functions  ; 884                                     ;
;     Dedicated logic registers      ; 156                                     ;
; Total registers                    ; 156                                     ;
; Total pins                         ; 5                                       ;
; Total virtual pins                 ; 0                                       ;
; Total memory bits                  ; 2,048                                   ;
; Embedded Multiplier 9-bit elements ; 4                                       ;
; Total PLLs                         ; 0                                       ;
+------------------------------------+-----------------------------------------+


+--------------------------------------------------------------------------------------------------------------+
; Analysis & Synthesis Settings                                                                                ;
+----------------------------------------------------------------+----------------------+----------------------+
; Option                                                         ; Setting              ; Default Value        ;
+----------------------------------------------------------------+----------------------+----------------------+
; Device                                                         ; EP2C20F484C8         ;                      ;
; Top-level entity name                                          ; accumulator_computer ; accumulator_computer ;
; Family name                                                    ; Cyclone II           ; Stratix II           ;
; Use Generated Physical Constraints File                        ; Off                  ;                      ;
; Use smart compilation                                          ; Off                  ; Off                  ;
; Restructure Multiplexers                                       ; Auto                 ; Auto                 ;
; Create Debugging Nodes for IP Cores                            ; Off                  ; Off                  ;
; Preserve fewer node names                                      ; On                   ; On                   ;
; Disable OpenCore Plus hardware evaluation                      ; Off                  ; Off                  ;
; Verilog Version                                                ; Verilog_2001         ; Verilog_2001         ;
; VHDL Version                                                   ; VHDL93               ; VHDL93               ;
; State Machine Processing                                       ; Auto                 ; Auto                 ;
; Safe State Machine                                             ; Off                  ; Off                  ;
; Extract Verilog State Machines                                 ; On                   ; On                   ;
; Extract VHDL State Machines                                    ; On                   ; On                   ;
; Ignore Verilog initial constructs                              ; Off                  ; Off                  ;
; Iteration limit for constant Verilog loops                     ; 5000                 ; 5000                 ;
; Iteration limit for non-constant Verilog loops                 ; 250                  ; 250                  ;
; Add Pass-Through Logic to Inferred RAMs                        ; On                   ; On                   ;
; Parallel Synthesis                                             ; Off                  ; Off                  ;
; DSP Block Balancing                                            ; Auto                 ; Auto                 ;
; NOT Gate Push-Back                                             ; On                   ; On                   ;
; Power-Up Don't Care                                            ; On                   ; On                   ;
; Remove Redundant Logic Cells                                   ; Off                  ; Off                  ;
; Remove Duplicate Registers                                     ; On                   ; On                   ;
; Ignore CARRY Buffers                                           ; Off                  ; Off                  ;
; Ignore CASCADE Buffers                                         ; Off                  ; Off                  ;
; Ignore GLOBAL Buffers                                          ; Off                  ; Off                  ;
; Ignore ROW GLOBAL Buffers                                      ; Off                  ; Off                  ;
; Ignore LCELL Buffers                                           ; Off                  ; Off                  ;
; Ignore SOFT Buffers                                            ; On                   ; On                   ;
; Limit AHDL Integers to 32 Bits                                 ; Off                  ; Off                  ;
; Optimization Technique                                         ; Balanced             ; Balanced             ;
; Carry Chain Length                                             ; 70                   ; 70                   ;
; Auto Carry Chains                                              ; On                   ; On                   ;
; Auto Open-Drain Pins                                           ; On                   ; On                   ;
; Perform WYSIWYG Primitive Resynthesis                          ; Off                  ; Off                  ;
; Auto ROM Replacement                                           ; On                   ; On                   ;
; Auto RAM Replacement                                           ; On                   ; On                   ;
; Auto Shift Register Replacement                                ; Auto                 ; Auto                 ;
; Auto Clock Enable Replacement                                  ; On                   ; On                   ;
; Strict RAM Replacement                                         ; Off                  ; Off                  ;
; Allow Synchronous Control Signals                              ; On                   ; On                   ;
; Force Use of Synchronous Clear Signals                         ; Off                  ; Off                  ;
; Auto RAM to Logic Cell Conversion                              ; Off                  ; Off                  ;
; Auto Resource Sharing                                          ; Off                  ; Off                  ;
; Allow Any RAM Size For Recognition                             ; Off                  ; Off                  ;
; Allow Any ROM Size For Recognition                             ; Off                  ; Off                  ;
; Allow Any Shift Register Size For Recognition                  ; Off                  ; Off                  ;
; Use LogicLock Constraints during Resource Balancing            ; On                   ; On                   ;
; Ignore translate_off and synthesis_off directives              ; Off                  ; Off                  ;
; Timing-Driven Synthesis                                        ; Off                  ; Off                  ;
; Show Parameter Settings Tables in Synthesis Report             ; On                   ; On                   ;
; Ignore Maximum Fan-Out Assignments                             ; Off                  ; Off                  ;
; Synchronization Register Chain Length                          ; 2                    ; 2                    ;
; PowerPlay Power Optimization                                   ; Normal compilation   ; Normal compilation   ;
; HDL message level                                              ; Level2               ; Level2               ;
; Suppress Register Optimization Related Messages                ; Off                  ; Off                  ;
; Number of Removed Registers Reported in Synthesis Report       ; 100                  ; 100                  ;
; Number of Inverted Registers Reported in Synthesis Report      ; 100                  ; 100                  ;
; Clock MUX Protection                                           ; On                   ; On                   ;
; Auto Gated Clock Conversion                                    ; Off                  ; Off                  ;
; Block Design Naming                                            ; Auto                 ; Auto                 ;
; SDC constraint protection                                      ; Off                  ; Off                  ;
; Synthesis Effort                                               ; Auto                 ; Auto                 ;
; Allows Asynchronous Clear Usage For Shift Register Replacement ; On                   ; On                   ;
; Analysis & Synthesis Message Level                             ; Medium               ; Medium               ;
+----------------------------------------------------------------+----------------------+----------------------+


+-----------------------------------------------------------------------------------------------------------------------------------------------------------------------------------------------------------------------------------------------------------------------------------------+
; Analysis & Synthesis Source Files Read                                                                                                                                                                                                                                                  ;
+------------------------------------------------+-----------------+-------------------------------------------------------+--------------------------------------------------------------------------------------------------------------------------------------------------------------+
; File Name with User-Entered Path               ; Used in Netlist ; File Type                                             ; File Name with Absolute Path                                                                                                                                 ;
+------------------------------------------------+-----------------+-------------------------------------------------------+--------------------------------------------------------------------------------------------------------------------------------------------------------------+
; RAM.v                                          ; yes             ; User Verilog HDL File                                 ; C:/Users/Asus/OneDrive/Desktop/University/ENCS2380 - Computer Organisation and Microprocessor/Project/Verilog/RAM.v                                          ;
; CPU.v                                          ; yes             ; User Verilog HDL File                                 ; C:/Users/Asus/OneDrive/Desktop/University/ENCS2380 - Computer Organisation and Microprocessor/Project/Verilog/CPU.v                                          ;
; accumulator_computer.bdf                       ; yes             ; User Block Diagram/Schematic File                     ; C:/Users/Asus/OneDrive/Desktop/University/ENCS2380 - Computer Organisation and Microprocessor/Project/Verilog/accumulator_computer.bdf                       ;
; altsyncram.tdf                                 ; yes             ; Megafunction                                          ; c:/altera/90/quartus/libraries/megafunctions/altsyncram.tdf                                                                                                  ;
; stratix_ram_block.inc                          ; yes             ; Megafunction                                          ; c:/altera/90/quartus/libraries/megafunctions/stratix_ram_block.inc                                                                                           ;
; lpm_mux.inc                                    ; yes             ; Megafunction                                          ; c:/altera/90/quartus/libraries/megafunctions/lpm_mux.inc                                                                                                     ;
; lpm_decode.inc                                 ; yes             ; Megafunction                                          ; c:/altera/90/quartus/libraries/megafunctions/lpm_decode.inc                                                                                                  ;
; aglobal90.inc                                  ; yes             ; Megafunction                                          ; c:/altera/90/quartus/libraries/megafunctions/aglobal90.inc                                                                                                   ;
; a_rdenreg.inc                                  ; yes             ; Megafunction                                          ; c:/altera/90/quartus/libraries/megafunctions/a_rdenreg.inc                                                                                                   ;
; altrom.inc                                     ; yes             ; Megafunction                                          ; c:/altera/90/quartus/libraries/megafunctions/altrom.inc                                                                                                      ;
; altram.inc                                     ; yes             ; Megafunction                                          ; c:/altera/90/quartus/libraries/megafunctions/altram.inc                                                                                                      ;
; altdpram.inc                                   ; yes             ; Megafunction                                          ; c:/altera/90/quartus/libraries/megafunctions/altdpram.inc                                                                                                    ;
; altqpram.inc                                   ; yes             ; Megafunction                                          ; c:/altera/90/quartus/libraries/megafunctions/altqpram.inc                                                                                                    ;
; db/altsyncram_p5o1.tdf                         ; yes             ; Auto-Generated Megafunction                           ; C:/Users/Asus/OneDrive/Desktop/University/ENCS2380 - Computer Organisation and Microprocessor/Project/Verilog/db/altsyncram_p5o1.tdf                         ;
; db/accumulator_computer.ram0_RAM_15119.hdl.mif ; yes             ; Auto-Generated Auto-Found Memory Initialization File  ; C:/Users/Asus/OneDrive/Desktop/University/ENCS2380 - Computer Organisation and Microprocessor/Project/Verilog/db/accumulator_computer.ram0_RAM_15119.hdl.mif ;
; lpm_mult.tdf                                   ; yes             ; Megafunction                                          ; c:/altera/90/quartus/libraries/megafunctions/lpm_mult.tdf                                                                                                    ;
; lpm_add_sub.inc                                ; yes             ; Megafunction                                          ; c:/altera/90/quartus/libraries/megafunctions/lpm_add_sub.inc                                                                                                 ;
; multcore.inc                                   ; yes             ; Megafunction                                          ; c:/altera/90/quartus/libraries/megafunctions/multcore.inc                                                                                                    ;
; bypassff.inc                                   ; yes             ; Megafunction                                          ; c:/altera/90/quartus/libraries/megafunctions/bypassff.inc                                                                                                    ;
; altshift.inc                                   ; yes             ; Megafunction                                          ; c:/altera/90/quartus/libraries/megafunctions/altshift.inc                                                                                                    ;
; db/mult_av01.tdf                               ; yes             ; Auto-Generated Megafunction                           ; C:/Users/Asus/OneDrive/Desktop/University/ENCS2380 - Computer Organisation and Microprocessor/Project/Verilog/db/mult_av01.tdf                               ;
; db/mult_5o01.tdf                               ; yes             ; Auto-Generated Megafunction                           ; C:/Users/Asus/OneDrive/Desktop/University/ENCS2380 - Computer Organisation and Microprocessor/Project/Verilog/db/mult_5o01.tdf                               ;
; lpm_divide.tdf                                 ; yes             ; Megafunction                                          ; c:/altera/90/quartus/libraries/megafunctions/lpm_divide.tdf                                                                                                  ;
; abs_divider.inc                                ; yes             ; Megafunction                                          ; c:/altera/90/quartus/libraries/megafunctions/abs_divider.inc                                                                                                 ;
; sign_div_unsign.inc                            ; yes             ; Megafunction                                          ; c:/altera/90/quartus/libraries/megafunctions/sign_div_unsign.inc                                                                                             ;
; db/lpm_divide_vfm.tdf                          ; yes             ; Auto-Generated Megafunction                           ; C:/Users/Asus/OneDrive/Desktop/University/ENCS2380 - Computer Organisation and Microprocessor/Project/Verilog/db/lpm_divide_vfm.tdf                          ;
; db/sign_div_unsign_8nh.tdf                     ; yes             ; Auto-Generated Megafunction                           ; C:/Users/Asus/OneDrive/Desktop/University/ENCS2380 - Computer Organisation and Microprocessor/Project/Verilog/db/sign_div_unsign_8nh.tdf                     ;
; db/alt_u_div_i5f.tdf                           ; yes             ; Auto-Generated Megafunction                           ; C:/Users/Asus/OneDrive/Desktop/University/ENCS2380 - Computer Organisation and Microprocessor/Project/Verilog/db/alt_u_div_i5f.tdf                           ;
; db/add_sub_lkc.tdf                             ; yes             ; Auto-Generated Megafunction                           ; C:/Users/Asus/OneDrive/Desktop/University/ENCS2380 - Computer Organisation and Microprocessor/Project/Verilog/db/add_sub_lkc.tdf                             ;
; db/add_sub_mkc.tdf                             ; yes             ; Auto-Generated Megafunction                           ; C:/Users/Asus/OneDrive/Desktop/University/ENCS2380 - Computer Organisation and Microprocessor/Project/Verilog/db/add_sub_mkc.tdf                             ;
; db/lpm_divide_rto.tdf                          ; yes             ; Auto-Generated Megafunction                           ; C:/Users/Asus/OneDrive/Desktop/University/ENCS2380 - Computer Organisation and Microprocessor/Project/Verilog/db/lpm_divide_rto.tdf                          ;
; db/abs_divider_8dg.tdf                         ; yes             ; Auto-Generated Megafunction                           ; C:/Users/Asus/OneDrive/Desktop/University/ENCS2380 - Computer Organisation and Microprocessor/Project/Verilog/db/abs_divider_8dg.tdf                         ;
; db/alt_u_div_s5f.tdf                           ; yes             ; Auto-Generated Megafunction                           ; C:/Users/Asus/OneDrive/Desktop/University/ENCS2380 - Computer Organisation and Microprocessor/Project/Verilog/db/alt_u_div_s5f.tdf                           ;
; db/lpm_abs_2s9.tdf                             ; yes             ; Auto-Generated Megafunction                           ; C:/Users/Asus/OneDrive/Desktop/University/ENCS2380 - Computer Organisation and Microprocessor/Project/Verilog/db/lpm_abs_2s9.tdf                             ;
+------------------------------------------------+-----------------+-------------------------------------------------------+--------------------------------------------------------------------------------------------------------------------------------------------------------------+


+-----------------------------------------------------+
; Analysis & Synthesis Resource Usage Summary         ;
+---------------------------------------------+-------+
; Resource                                    ; Usage ;
+---------------------------------------------+-------+
; Estimated Total logic elements              ; 952   ;
;                                             ;       ;
; Total combinational functions               ; 884   ;
; Logic element usage by number of LUT inputs ;       ;
;     -- 4 input functions                    ; 296   ;
;     -- 3 input functions                    ; 508   ;
;     -- <=2 input functions                  ; 80    ;
;                                             ;       ;
; Logic elements by mode                      ;       ;
;     -- normal mode                          ; 513   ;
;     -- arithmetic mode                      ; 371   ;
;                                             ;       ;
; Total registers                             ; 156   ;
;     -- Dedicated logic registers            ; 156   ;
;     -- I/O registers                        ; 0     ;
;                                             ;       ;
; I/O pins                                    ; 5     ;
; Total memory bits                           ; 2048  ;
; Embedded Multiplier 9-bit elements          ; 4     ;
; Maximum fan-out node                        ; clock ;
; Maximum fan-out                             ; 172   ;
; Total fan-out                               ; 3613  ;
; Average fan-out                             ; 3.39  ;
+---------------------------------------------+-------+


+-----------------------------------------------------------------------------------------------------------------------------------------------------------------------------------------------------------------------------------------------------------------------------------------------------------------------------+
; Analysis & Synthesis Resource Utilization by Entity                                                                                                                                                                                                                                                                         ;
+-------------------------------------------+-------------------+--------------+-------------+--------------+---------+-----------+------+--------------+------------------------------------------------------------------------------------------------------------------------------------------------------+--------------+
; Compilation Hierarchy Node                ; LC Combinationals ; LC Registers ; Memory Bits ; DSP Elements ; DSP 9x9 ; DSP 18x18 ; Pins ; Virtual Pins ; Full Hierarchy Name                                                                                                                                  ; Library Name ;
+-------------------------------------------+-------------------+--------------+-------------+--------------+---------+-----------+------+--------------+------------------------------------------------------------------------------------------------------------------------------------------------------+--------------+
; |accumulator_computer                     ; 884 (1)           ; 156 (0)      ; 2048        ; 4            ; 0       ; 2         ; 5    ; 0            ; |accumulator_computer                                                                                                                                ; work         ;
;    |CPU:inst|                             ; 862 (250)         ; 116 (116)    ; 0           ; 4            ; 0       ; 2         ; 0    ; 0            ; |accumulator_computer|CPU:inst                                                                                                                       ; work         ;
;       |lpm_divide:Div0|                   ; 347 (0)           ; 0 (0)        ; 0           ; 0            ; 0       ; 0         ; 0    ; 0            ; |accumulator_computer|CPU:inst|lpm_divide:Div0                                                                                                       ; work         ;
;          |lpm_divide_rto:auto_generated|  ; 347 (0)           ; 0 (0)        ; 0           ; 0            ; 0       ; 0         ; 0    ; 0            ; |accumulator_computer|CPU:inst|lpm_divide:Div0|lpm_divide_rto:auto_generated                                                                         ; work         ;
;             |abs_divider_8dg:divider|     ; 347 (30)          ; 0 (0)        ; 0           ; 0            ; 0       ; 0         ; 0    ; 0            ; |accumulator_computer|CPU:inst|lpm_divide:Div0|lpm_divide_rto:auto_generated|abs_divider_8dg:divider                                                 ; work         ;
;                |alt_u_div_s5f:divider|    ; 285 (282)         ; 0 (0)        ; 0           ; 0            ; 0       ; 0         ; 0    ; 0            ; |accumulator_computer|CPU:inst|lpm_divide:Div0|lpm_divide_rto:auto_generated|abs_divider_8dg:divider|alt_u_div_s5f:divider                           ; work         ;
;                   |add_sub_lkc:add_sub_0| ; 1 (1)             ; 0 (0)        ; 0           ; 0            ; 0       ; 0         ; 0    ; 0            ; |accumulator_computer|CPU:inst|lpm_divide:Div0|lpm_divide_rto:auto_generated|abs_divider_8dg:divider|alt_u_div_s5f:divider|add_sub_lkc:add_sub_0     ; work         ;
;                   |add_sub_mkc:add_sub_1| ; 2 (2)             ; 0 (0)        ; 0           ; 0            ; 0       ; 0         ; 0    ; 0            ; |accumulator_computer|CPU:inst|lpm_divide:Div0|lpm_divide_rto:auto_generated|abs_divider_8dg:divider|alt_u_div_s5f:divider|add_sub_mkc:add_sub_1     ; work         ;
;                |lpm_abs_2s9:my_abs_den|   ; 16 (16)           ; 0 (0)        ; 0           ; 0            ; 0       ; 0         ; 0    ; 0            ; |accumulator_computer|CPU:inst|lpm_divide:Div0|lpm_divide_rto:auto_generated|abs_divider_8dg:divider|lpm_abs_2s9:my_abs_den                          ; work         ;
;                |lpm_abs_2s9:my_abs_num|   ; 16 (16)           ; 0 (0)        ; 0           ; 0            ; 0       ; 0         ; 0    ; 0            ; |accumulator_computer|CPU:inst|lpm_divide:Div0|lpm_divide_rto:auto_generated|abs_divider_8dg:divider|lpm_abs_2s9:my_abs_num                          ; work         ;
;       |lpm_divide:Div1|                   ; 265 (0)           ; 0 (0)        ; 0           ; 0            ; 0       ; 0         ; 0    ; 0            ; |accumulator_computer|CPU:inst|lpm_divide:Div1                                                                                                       ; work         ;
;          |lpm_divide_vfm:auto_generated|  ; 265 (0)           ; 0 (0)        ; 0           ; 0            ; 0       ; 0         ; 0    ; 0            ; |accumulator_computer|CPU:inst|lpm_divide:Div1|lpm_divide_vfm:auto_generated                                                                         ; work         ;
;             |sign_div_unsign_8nh:divider| ; 265 (0)           ; 0 (0)        ; 0           ; 0            ; 0       ; 0         ; 0    ; 0            ; |accumulator_computer|CPU:inst|lpm_divide:Div1|lpm_divide_vfm:auto_generated|sign_div_unsign_8nh:divider                                             ; work         ;
;                |alt_u_div_i5f:divider|    ; 265 (264)         ; 0 (0)        ; 0           ; 0            ; 0       ; 0         ; 0    ; 0            ; |accumulator_computer|CPU:inst|lpm_divide:Div1|lpm_divide_vfm:auto_generated|sign_div_unsign_8nh:divider|alt_u_div_i5f:divider                       ; work         ;
;                   |add_sub_mkc:add_sub_1| ; 1 (1)             ; 0 (0)        ; 0           ; 0            ; 0       ; 0         ; 0    ; 0            ; |accumulator_computer|CPU:inst|lpm_divide:Div1|lpm_divide_vfm:auto_generated|sign_div_unsign_8nh:divider|alt_u_div_i5f:divider|add_sub_mkc:add_sub_1 ; work         ;
;       |lpm_mult:Mult0|                    ; 0 (0)             ; 0 (0)        ; 0           ; 2            ; 0       ; 1         ; 0    ; 0            ; |accumulator_computer|CPU:inst|lpm_mult:Mult0                                                                                                        ; work         ;
;          |mult_5o01:auto_generated|       ; 0 (0)             ; 0 (0)        ; 0           ; 2            ; 0       ; 1         ; 0    ; 0            ; |accumulator_computer|CPU:inst|lpm_mult:Mult0|mult_5o01:auto_generated                                                                               ; work         ;
;       |lpm_mult:Mult1|                    ; 0 (0)             ; 0 (0)        ; 0           ; 2            ; 0       ; 1         ; 0    ; 0            ; |accumulator_computer|CPU:inst|lpm_mult:Mult1                                                                                                        ; work         ;
;          |mult_av01:auto_generated|       ; 0 (0)             ; 0 (0)        ; 0           ; 2            ; 0       ; 1         ; 0    ; 0            ; |accumulator_computer|CPU:inst|lpm_mult:Mult1|mult_av01:auto_generated                                                                               ; work         ;
;    |RAM:inst1|                            ; 21 (21)           ; 40 (40)      ; 2048        ; 0            ; 0       ; 0         ; 0    ; 0            ; |accumulator_computer|RAM:inst1                                                                                                                      ; work         ;
;       |altsyncram:Memory_rtl_0|           ; 0 (0)             ; 0 (0)        ; 2048        ; 0            ; 0       ; 0         ; 0    ; 0            ; |accumulator_computer|RAM:inst1|altsyncram:Memory_rtl_0                                                                                              ; work         ;
;          |altsyncram_p5o1:auto_generated| ; 0 (0)             ; 0 (0)        ; 2048        ; 0            ; 0       ; 0         ; 0    ; 0            ; |accumulator_computer|RAM:inst1|altsyncram:Memory_rtl_0|altsyncram_p5o1:auto_generated                                                               ; work         ;
+-------------------------------------------+-------------------+--------------+-------------+--------------+---------+-----------+------+--------------+------------------------------------------------------------------------------------------------------------------------------------------------------+--------------+
Note: For table entries with two numbers listed, the numbers in parentheses indicate the number of resources of the given type used by the specific entity alone. The numbers listed outside of parentheses indicate the total resources of the given type used by the specific entity and all of its sub-entities in the hierarchy.


+---------------------------------------------------------------------------------------------------------------------------------------------------------------------------------------------------------------------------+
; Analysis & Synthesis RAM Summary                                                                                                                                                                                          ;
+-----------------------------------------------------------------------------+------+------------------+--------------+--------------+--------------+--------------+------+------------------------------------------------+
; Name                                                                        ; Type ; Mode             ; Port A Depth ; Port A Width ; Port B Depth ; Port B Width ; Size ; MIF                                            ;
+-----------------------------------------------------------------------------+------+------------------+--------------+--------------+--------------+--------------+------+------------------------------------------------+
; RAM:inst1|altsyncram:Memory_rtl_0|altsyncram_p5o1:auto_generated|ALTSYNCRAM ; AUTO ; Simple Dual Port ; 128          ; 16           ; 128          ; 16           ; 2048 ; db/accumulator_computer.ram0_RAM_15119.hdl.mif ;
+-----------------------------------------------------------------------------+------+------------------+--------------+--------------+--------------+--------------+------+------------------------------------------------+


+-----------------------------------------------------+
; Analysis & Synthesis DSP Block Usage Summary        ;
+---------------------------------------+-------------+
; Statistic                             ; Number Used ;
+---------------------------------------+-------------+
; Simple Multipliers (9-bit)            ; 0           ;
; Simple Multipliers (18-bit)           ; 2           ;
; Embedded Multiplier Blocks            ; --          ;
; Embedded Multiplier 9-bit elements    ; 4           ;
; Signed Embedded Multipliers           ; 1           ;
; Unsigned Embedded Multipliers         ; 1           ;
; Mixed Sign Embedded Multipliers       ; 0           ;
; Variable Sign Embedded Multipliers    ; 0           ;
; Dedicated Input Shift Register Chains ; 0           ;
+---------------------------------------+-------------+
Note: number of Embedded Multiplier Blocks used is only available after a successful fit.


Encoding Type:  One-Hot
+---------------------------------------------------------------------------------------------------------------------------------------------------------+
; State Machine - |accumulator_computer|CPU:inst|state                                                                                                    ;
+-------------+-------------+-------------+-------------+-------------+-------------+-------------+-------------+-------------+-------------+-------------+
; Name        ; state.01001 ; state.01000 ; state.00111 ; state.00110 ; state.00101 ; state.00100 ; state.00011 ; state.00010 ; state.00001 ; state.00000 ;
+-------------+-------------+-------------+-------------+-------------+-------------+-------------+-------------+-------------+-------------+-------------+
; state.00000 ; 0           ; 0           ; 0           ; 0           ; 0           ; 0           ; 0           ; 0           ; 0           ; 0           ;
; state.00001 ; 0           ; 0           ; 0           ; 0           ; 0           ; 0           ; 0           ; 0           ; 1           ; 1           ;
; state.00010 ; 0           ; 0           ; 0           ; 0           ; 0           ; 0           ; 0           ; 1           ; 0           ; 1           ;
; state.00011 ; 0           ; 0           ; 0           ; 0           ; 0           ; 0           ; 1           ; 0           ; 0           ; 1           ;
; state.00100 ; 0           ; 0           ; 0           ; 0           ; 0           ; 1           ; 0           ; 0           ; 0           ; 1           ;
; state.00101 ; 0           ; 0           ; 0           ; 0           ; 1           ; 0           ; 0           ; 0           ; 0           ; 1           ;
; state.00110 ; 0           ; 0           ; 0           ; 1           ; 0           ; 0           ; 0           ; 0           ; 0           ; 1           ;
; state.00111 ; 0           ; 0           ; 1           ; 0           ; 0           ; 0           ; 0           ; 0           ; 0           ; 1           ;
; state.01000 ; 0           ; 1           ; 0           ; 0           ; 0           ; 0           ; 0           ; 0           ; 0           ; 1           ;
; state.01001 ; 1           ; 0           ; 0           ; 0           ; 0           ; 0           ; 0           ; 0           ; 0           ; 1           ;
+-------------+-------------+-------------+-------------+-------------+-------------+-------------+-------------+-------------+-------------+-------------+


+------------------------------------------------------------------------------+
; Registers Removed During Synthesis                                           ;
+----------------------------------------+-------------------------------------+
; Register name                          ; Reason for Removal                  ;
+----------------------------------------+-------------------------------------+
; RAM:inst1|Memory_0_bypass[2]           ; Merged with CPU:inst|Mem_Address[0] ;
; RAM:inst1|Memory_0_bypass[4]           ; Merged with CPU:inst|Mem_Address[1] ;
; RAM:inst1|Memory_0_bypass[6]           ; Merged with CPU:inst|Mem_Address[2] ;
; RAM:inst1|Memory_0_bypass[8]           ; Merged with CPU:inst|Mem_Address[3] ;
; RAM:inst1|Memory_0_bypass[10]          ; Merged with CPU:inst|Mem_Address[4] ;
; RAM:inst1|Memory_0_bypass[12]          ; Merged with CPU:inst|Mem_Address[5] ;
; RAM:inst1|Memory_0_bypass[14]          ; Merged with CPU:inst|Mem_Address[6] ;
; CPU:inst|state~6                       ; Lost fanout                         ;
; CPU:inst|state~7                       ; Lost fanout                         ;
; CPU:inst|state~8                       ; Lost fanout                         ;
; CPU:inst|state~9                       ; Lost fanout                         ;
; CPU:inst|state~10                      ; Lost fanout                         ;
; CPU:inst|rd                            ; Merged with CPU:inst|wr             ;
; Total Number of Removed Registers = 13 ;                                     ;
+----------------------------------------+-------------------------------------+


+------------------------------------------------------+
; General Register Statistics                          ;
+----------------------------------------------+-------+
; Statistic                                    ; Value ;
+----------------------------------------------+-------+
; Total registers                              ; 156   ;
; Number of registers using Synchronous Clear  ; 5     ;
; Number of registers using Synchronous Load   ; 23    ;
; Number of registers using Asynchronous Clear ; 0     ;
; Number of registers using Asynchronous Load  ; 0     ;
; Number of registers using Clock Enable       ; 113   ;
; Number of registers using Preset             ; 0     ;
+----------------------------------------------+-------+


+----------------------------------------------------+
; Registers Added for RAM Pass-Through Logic         ;
+-------------------------------+--------------------+
; Register Name                 ; RAM Name           ;
+-------------------------------+--------------------+
; RAM:inst1|Memory_0_bypass[0]  ; RAM:inst1|Memory~0 ;
; RAM:inst1|Memory_0_bypass[1]  ; RAM:inst1|Memory~0 ;
; RAM:inst1|Memory_0_bypass[2]  ; RAM:inst1|Memory~0 ;
; RAM:inst1|Memory_0_bypass[3]  ; RAM:inst1|Memory~0 ;
; RAM:inst1|Memory_0_bypass[4]  ; RAM:inst1|Memory~0 ;
; RAM:inst1|Memory_0_bypass[5]  ; RAM:inst1|Memory~0 ;
; RAM:inst1|Memory_0_bypass[6]  ; RAM:inst1|Memory~0 ;
; RAM:inst1|Memory_0_bypass[7]  ; RAM:inst1|Memory~0 ;
; RAM:inst1|Memory_0_bypass[8]  ; RAM:inst1|Memory~0 ;
; RAM:inst1|Memory_0_bypass[9]  ; RAM:inst1|Memory~0 ;
; RAM:inst1|Memory_0_bypass[10] ; RAM:inst1|Memory~0 ;
; RAM:inst1|Memory_0_bypass[11] ; RAM:inst1|Memory~0 ;
; RAM:inst1|Memory_0_bypass[12] ; RAM:inst1|Memory~0 ;
; RAM:inst1|Memory_0_bypass[13] ; RAM:inst1|Memory~0 ;
; RAM:inst1|Memory_0_bypass[14] ; RAM:inst1|Memory~0 ;
; RAM:inst1|Memory_0_bypass[15] ; RAM:inst1|Memory~0 ;
; RAM:inst1|Memory_0_bypass[16] ; RAM:inst1|Memory~0 ;
; RAM:inst1|Memory_0_bypass[17] ; RAM:inst1|Memory~0 ;
; RAM:inst1|Memory_0_bypass[18] ; RAM:inst1|Memory~0 ;
; RAM:inst1|Memory_0_bypass[19] ; RAM:inst1|Memory~0 ;
; RAM:inst1|Memory_0_bypass[20] ; RAM:inst1|Memory~0 ;
; RAM:inst1|Memory_0_bypass[21] ; RAM:inst1|Memory~0 ;
; RAM:inst1|Memory_0_bypass[22] ; RAM:inst1|Memory~0 ;
; RAM:inst1|Memory_0_bypass[23] ; RAM:inst1|Memory~0 ;
; RAM:inst1|Memory_0_bypass[24] ; RAM:inst1|Memory~0 ;
; RAM:inst1|Memory_0_bypass[25] ; RAM:inst1|Memory~0 ;
; RAM:inst1|Memory_0_bypass[26] ; RAM:inst1|Memory~0 ;
; RAM:inst1|Memory_0_bypass[27] ; RAM:inst1|Memory~0 ;
; RAM:inst1|Memory_0_bypass[28] ; RAM:inst1|Memory~0 ;
; RAM:inst1|Memory_0_bypass[29] ; RAM:inst1|Memory~0 ;
; RAM:inst1|Memory_0_bypass[30] ; RAM:inst1|Memory~0 ;
+-------------------------------+--------------------+


+---------------------------------------------------------------------------------------------------------------------------------------------------------+
; Multiplexer Restructuring Statistics (Restructuring Performed)                                                                                          ;
+--------------------+-----------+---------------+----------------------+------------------------+------------+-------------------------------------------+
; Multiplexer Inputs ; Bus Width ; Baseline Area ; Area if Restructured ; Saving if Restructured ; Registered ; Example Multiplexer Output                ;
+--------------------+-----------+---------------+----------------------+------------------------+------------+-------------------------------------------+
; 5:1                ; 16 bits   ; 48 LEs        ; 16 LEs               ; 32 LEs                 ; Yes        ; |accumulator_computer|CPU:inst|MBR[1]     ;
; 6:1                ; 7 bits    ; 28 LEs        ; 7 LEs                ; 21 LEs                 ; Yes        ; |accumulator_computer|CPU:inst|MAR[4]     ;
; 12:1               ; 7 bits    ; 56 LEs        ; 7 LEs                ; 49 LEs                 ; Yes        ; |accumulator_computer|CPU:inst|PC[2]      ;
; 11:1               ; 16 bits   ; 112 LEs       ; 96 LEs               ; 16 LEs                 ; Yes        ; |accumulator_computer|CPU:inst|AC[15]     ;
; 5:1                ; 7 bits    ; 21 LEs        ; 7 LEs                ; 14 LEs                 ; No         ; |accumulator_computer|CPU:inst|Selector14 ;
+--------------------+-----------+---------------+----------------------+------------------------+------------+-------------------------------------------+


+-----------------------------------------------------------------------------------------+
; Source assignments for RAM:inst1|altsyncram:Memory_rtl_0|altsyncram_p5o1:auto_generated ;
+---------------------------------+--------------------+------+---------------------------+
; Assignment                      ; Value              ; From ; To                        ;
+---------------------------------+--------------------+------+---------------------------+
; OPTIMIZE_POWER_DURING_SYNTHESIS ; NORMAL_COMPILATION ; -    ; -                         ;
+---------------------------------+--------------------+------+---------------------------+


+-------------------------------------------------------+
; Parameter Settings for User Entity Instance: CPU:inst ;
+----------------+-------+------------------------------+
; Parameter Name ; Value ; Type                         ;
+----------------+-------+------------------------------+
; Load           ; 1     ; Signed Integer               ;
; Store          ; 2     ; Signed Integer               ;
; ADD            ; 3     ; Signed Integer               ;
; Sub            ; 4     ; Signed Integer               ;
; Mul            ; 5     ; Signed Integer               ;
; Div            ; 6     ; Signed Integer               ;
; Branch         ; 7     ; Signed Integer               ;
; BRZ            ; 8     ; Signed Integer               ;
+----------------+-------+------------------------------+
Note: In order to hide this table in the UI and the text report file, please set the "Show Parameter Settings Tables in Synthesis Report" option in "Analysis and Synthesis Settings -> More Settings" to "Off".


+------------------------------------------------------------------------------------------------------+
; Parameter Settings for Inferred Entity Instance: RAM:inst1|altsyncram:Memory_rtl_0                   ;
+------------------------------------+------------------------------------------------+----------------+
; Parameter Name                     ; Value                                          ; Type           ;
+------------------------------------+------------------------------------------------+----------------+
; BYTE_SIZE_BLOCK                    ; 8                                              ; Untyped        ;
; AUTO_CARRY_CHAINS                  ; ON                                             ; AUTO_CARRY     ;
; IGNORE_CARRY_BUFFERS               ; OFF                                            ; IGNORE_CARRY   ;
; AUTO_CASCADE_CHAINS                ; ON                                             ; AUTO_CASCADE   ;
; IGNORE_CASCADE_BUFFERS             ; OFF                                            ; IGNORE_CASCADE ;
; WIDTH_BYTEENA                      ; 1                                              ; Untyped        ;
; OPERATION_MODE                     ; DUAL_PORT                                      ; Untyped        ;
; WIDTH_A                            ; 16                                             ; Untyped        ;
; WIDTHAD_A                          ; 7                                              ; Untyped        ;
; NUMWORDS_A                         ; 128                                            ; Untyped        ;
; OUTDATA_REG_A                      ; UNREGISTERED                                   ; Untyped        ;
; ADDRESS_ACLR_A                     ; NONE                                           ; Untyped        ;
; OUTDATA_ACLR_A                     ; NONE                                           ; Untyped        ;
; WRCONTROL_ACLR_A                   ; NONE                                           ; Untyped        ;
; INDATA_ACLR_A                      ; NONE                                           ; Untyped        ;
; BYTEENA_ACLR_A                     ; NONE                                           ; Untyped        ;
; WIDTH_B                            ; 16                                             ; Untyped        ;
; WIDTHAD_B                          ; 7                                              ; Untyped        ;
; NUMWORDS_B                         ; 128                                            ; Untyped        ;
; INDATA_REG_B                       ; CLOCK1                                         ; Untyped        ;
; WRCONTROL_WRADDRESS_REG_B          ; CLOCK1                                         ; Untyped        ;
; RDCONTROL_REG_B                    ; CLOCK1                                         ; Untyped        ;
; ADDRESS_REG_B                      ; CLOCK0                                         ; Untyped        ;
; OUTDATA_REG_B                      ; UNREGISTERED                                   ; Untyped        ;
; BYTEENA_REG_B                      ; CLOCK1                                         ; Untyped        ;
; INDATA_ACLR_B                      ; NONE                                           ; Untyped        ;
; WRCONTROL_ACLR_B                   ; NONE                                           ; Untyped        ;
; ADDRESS_ACLR_B                     ; NONE                                           ; Untyped        ;
; OUTDATA_ACLR_B                     ; NONE                                           ; Untyped        ;
; RDCONTROL_ACLR_B                   ; NONE                                           ; Untyped        ;
; BYTEENA_ACLR_B                     ; NONE                                           ; Untyped        ;
; WIDTH_BYTEENA_A                    ; 1                                              ; Untyped        ;
; WIDTH_BYTEENA_B                    ; 1                                              ; Untyped        ;
; RAM_BLOCK_TYPE                     ; AUTO                                           ; Untyped        ;
; BYTE_SIZE                          ; 8                                              ; Untyped        ;
; READ_DURING_WRITE_MODE_MIXED_PORTS ; OLD_DATA                                       ; Untyped        ;
; READ_DURING_WRITE_MODE_PORT_A      ; NEW_DATA_NO_NBE_READ                           ; Untyped        ;
; READ_DURING_WRITE_MODE_PORT_B      ; NEW_DATA_NO_NBE_READ                           ; Untyped        ;
; INIT_FILE                          ; db/accumulator_computer.ram0_RAM_15119.hdl.mif ; Untyped        ;
; INIT_FILE_LAYOUT                   ; PORT_A                                         ; Untyped        ;
; MAXIMUM_DEPTH                      ; 0                                              ; Untyped        ;
; CLOCK_ENABLE_INPUT_A               ; NORMAL                                         ; Untyped        ;
; CLOCK_ENABLE_INPUT_B               ; NORMAL                                         ; Untyped        ;
; CLOCK_ENABLE_OUTPUT_A              ; NORMAL                                         ; Untyped        ;
; CLOCK_ENABLE_OUTPUT_B              ; NORMAL                                         ; Untyped        ;
; CLOCK_ENABLE_CORE_A                ; USE_INPUT_CLKEN                                ; Untyped        ;
; CLOCK_ENABLE_CORE_B                ; USE_INPUT_CLKEN                                ; Untyped        ;
; ENABLE_ECC                         ; FALSE                                          ; Untyped        ;
; DEVICE_FAMILY                      ; Cyclone II                                     ; Untyped        ;
; CBXI_PARAMETER                     ; altsyncram_p5o1                                ; Untyped        ;
+------------------------------------+------------------------------------------------+----------------+
Note: In order to hide this table in the UI and the text report file, please set the "Show Parameter Settings Tables in Synthesis Report" option in "Analysis and Synthesis Settings -> More Settings" to "Off".


+-----------------------------------------------------------------------------------+
; Parameter Settings for Inferred Entity Instance: CPU:inst|lpm_mult:Mult1          ;
+------------------------------------------------+------------+---------------------+
; Parameter Name                                 ; Value      ; Type                ;
+------------------------------------------------+------------+---------------------+
; AUTO_CARRY_CHAINS                              ; ON         ; AUTO_CARRY          ;
; IGNORE_CARRY_BUFFERS                           ; OFF        ; IGNORE_CARRY        ;
; AUTO_CASCADE_CHAINS                            ; ON         ; AUTO_CASCADE        ;
; IGNORE_CASCADE_BUFFERS                         ; OFF        ; IGNORE_CASCADE      ;
; LPM_WIDTHA                                     ; 16         ; Untyped             ;
; LPM_WIDTHB                                     ; 11         ; Untyped             ;
; LPM_WIDTHP                                     ; 27         ; Untyped             ;
; LPM_WIDTHR                                     ; 27         ; Untyped             ;
; LPM_WIDTHS                                     ; 1          ; Untyped             ;
; LPM_REPRESENTATION                             ; UNSIGNED   ; Untyped             ;
; LPM_PIPELINE                                   ; 0          ; Untyped             ;
; LATENCY                                        ; 0          ; Untyped             ;
; INPUT_A_IS_CONSTANT                            ; NO         ; Untyped             ;
; INPUT_B_IS_CONSTANT                            ; NO         ; Untyped             ;
; USE_EAB                                        ; OFF        ; Untyped             ;
; MAXIMIZE_SPEED                                 ; 6          ; Untyped             ;
; DEVICE_FAMILY                                  ; Cyclone II ; Untyped             ;
; CARRY_CHAIN                                    ; MANUAL     ; Untyped             ;
; APEX20K_TECHNOLOGY_MAPPER                      ; LUT        ; TECH_MAPPER_APEX20K ;
; DEDICATED_MULTIPLIER_CIRCUITRY                 ; AUTO       ; Untyped             ;
; DEDICATED_MULTIPLIER_MIN_INPUT_WIDTH_FOR_AUTO  ; 0          ; Untyped             ;
; DEDICATED_MULTIPLIER_MIN_OUTPUT_WIDTH_FOR_AUTO ; 0          ; Untyped             ;
; CBXI_PARAMETER                                 ; mult_av01  ; Untyped             ;
; INPUT_A_FIXED_VALUE                            ; Bx         ; Untyped             ;
; INPUT_B_FIXED_VALUE                            ; Bx         ; Untyped             ;
; USE_AHDL_IMPLEMENTATION                        ; OFF        ; Untyped             ;
+------------------------------------------------+------------+---------------------+
Note: In order to hide this table in the UI and the text report file, please set the "Show Parameter Settings Tables in Synthesis Report" option in "Analysis and Synthesis Settings -> More Settings" to "Off".


+-----------------------------------------------------------------------------------+
; Parameter Settings for Inferred Entity Instance: CPU:inst|lpm_mult:Mult0          ;
+------------------------------------------------+------------+---------------------+
; Parameter Name                                 ; Value      ; Type                ;
+------------------------------------------------+------------+---------------------+
; AUTO_CARRY_CHAINS                              ; ON         ; AUTO_CARRY          ;
; IGNORE_CARRY_BUFFERS                           ; OFF        ; IGNORE_CARRY        ;
; AUTO_CASCADE_CHAINS                            ; ON         ; AUTO_CASCADE        ;
; IGNORE_CASCADE_BUFFERS                         ; OFF        ; IGNORE_CASCADE      ;
; LPM_WIDTHA                                     ; 16         ; Untyped             ;
; LPM_WIDTHB                                     ; 16         ; Untyped             ;
; LPM_WIDTHP                                     ; 32         ; Untyped             ;
; LPM_WIDTHR                                     ; 32         ; Untyped             ;
; LPM_WIDTHS                                     ; 1          ; Untyped             ;
; LPM_REPRESENTATION                             ; SIGNED     ; Untyped             ;
; LPM_PIPELINE                                   ; 0          ; Untyped             ;
; LATENCY                                        ; 0          ; Untyped             ;
; INPUT_A_IS_CONSTANT                            ; NO         ; Untyped             ;
; INPUT_B_IS_CONSTANT                            ; NO         ; Untyped             ;
; USE_EAB                                        ; OFF        ; Untyped             ;
; MAXIMIZE_SPEED                                 ; 5          ; Untyped             ;
; DEVICE_FAMILY                                  ; Cyclone II ; Untyped             ;
; CARRY_CHAIN                                    ; MANUAL     ; Untyped             ;
; APEX20K_TECHNOLOGY_MAPPER                      ; LUT        ; TECH_MAPPER_APEX20K ;
; DEDICATED_MULTIPLIER_CIRCUITRY                 ; AUTO       ; Untyped             ;
; DEDICATED_MULTIPLIER_MIN_INPUT_WIDTH_FOR_AUTO  ; 0          ; Untyped             ;
; DEDICATED_MULTIPLIER_MIN_OUTPUT_WIDTH_FOR_AUTO ; 0          ; Untyped             ;
; CBXI_PARAMETER                                 ; mult_5o01  ; Untyped             ;
; INPUT_A_FIXED_VALUE                            ; Bx         ; Untyped             ;
; INPUT_B_FIXED_VALUE                            ; Bx         ; Untyped             ;
; USE_AHDL_IMPLEMENTATION                        ; OFF        ; Untyped             ;
+------------------------------------------------+------------+---------------------+
Note: In order to hide this table in the UI and the text report file, please set the "Show Parameter Settings Tables in Synthesis Report" option in "Analysis and Synthesis Settings -> More Settings" to "Off".


+---------------------------------------------------------------------------+
; Parameter Settings for Inferred Entity Instance: CPU:inst|lpm_divide:Div1 ;
+------------------------+----------------+---------------------------------+
; Parameter Name         ; Value          ; Type                            ;
+------------------------+----------------+---------------------------------+
; LPM_WIDTHN             ; 16             ; Untyped                         ;
; LPM_WIDTHD             ; 11             ; Untyped                         ;
; LPM_NREPRESENTATION    ; UNSIGNED       ; Untyped                         ;
; LPM_DREPRESENTATION    ; UNSIGNED       ; Untyped                         ;
; LPM_PIPELINE           ; 0              ; Untyped                         ;
; LPM_REMAINDERPOSITIVE  ; TRUE           ; Untyped                         ;
; MAXIMIZE_SPEED         ; 5              ; Untyped                         ;
; CBXI_PARAMETER         ; lpm_divide_vfm ; Untyped                         ;
; CARRY_CHAIN            ; MANUAL         ; Untyped                         ;
; OPTIMIZE_FOR_SPEED     ; 5              ; Untyped                         ;
; AUTO_CARRY_CHAINS      ; ON             ; AUTO_CARRY                      ;
; IGNORE_CARRY_BUFFERS   ; OFF            ; IGNORE_CARRY                    ;
; AUTO_CASCADE_CHAINS    ; ON             ; AUTO_CASCADE                    ;
; IGNORE_CASCADE_BUFFERS ; OFF            ; IGNORE_CASCADE                  ;
+------------------------+----------------+---------------------------------+
Note: In order to hide this table in the UI and the text report file, please set the "Show Parameter Settings Tables in Synthesis Report" option in "Analysis and Synthesis Settings -> More Settings" to "Off".


+---------------------------------------------------------------------------+
; Parameter Settings for Inferred Entity Instance: CPU:inst|lpm_divide:Div0 ;
+------------------------+----------------+---------------------------------+
; Parameter Name         ; Value          ; Type                            ;
+------------------------+----------------+---------------------------------+
; LPM_WIDTHN             ; 16             ; Untyped                         ;
; LPM_WIDTHD             ; 16             ; Untyped                         ;
; LPM_NREPRESENTATION    ; SIGNED         ; Untyped                         ;
; LPM_DREPRESENTATION    ; SIGNED         ; Untyped                         ;
; LPM_PIPELINE           ; 0              ; Untyped                         ;
; LPM_REMAINDERPOSITIVE  ; FALSE          ; Untyped                         ;
; MAXIMIZE_SPEED         ; 5              ; Untyped                         ;
; CBXI_PARAMETER         ; lpm_divide_rto ; Untyped                         ;
; CARRY_CHAIN            ; MANUAL         ; Untyped                         ;
; OPTIMIZE_FOR_SPEED     ; 5              ; Untyped                         ;
; AUTO_CARRY_CHAINS      ; ON             ; AUTO_CARRY                      ;
; IGNORE_CARRY_BUFFERS   ; OFF            ; IGNORE_CARRY                    ;
; AUTO_CASCADE_CHAINS    ; ON             ; AUTO_CASCADE                    ;
; IGNORE_CASCADE_BUFFERS ; OFF            ; IGNORE_CASCADE                  ;
+------------------------+----------------+---------------------------------+
Note: In order to hide this table in the UI and the text report file, please set the "Show Parameter Settings Tables in Synthesis Report" option in "Analysis and Synthesis Settings -> More Settings" to "Off".


+-------------------------------------------------------------------------------+
; altsyncram Parameter Settings by Entity Instance                              ;
+-------------------------------------------+-----------------------------------+
; Name                                      ; Value                             ;
+-------------------------------------------+-----------------------------------+
; Number of entity instances                ; 1                                 ;
; Entity Instance                           ; RAM:inst1|altsyncram:Memory_rtl_0 ;
;     -- OPERATION_MODE                     ; DUAL_PORT                         ;
;     -- WIDTH_A                            ; 16                                ;
;     -- NUMWORDS_A                         ; 128                               ;
;     -- OUTDATA_REG_A                      ; UNREGISTERED                      ;
;     -- WIDTH_B                            ; 16                                ;
;     -- NUMWORDS_B                         ; 128                               ;
;     -- ADDRESS_REG_B                      ; CLOCK0                            ;
;     -- OUTDATA_REG_B                      ; UNREGISTERED                      ;
;     -- RAM_BLOCK_TYPE                     ; AUTO                              ;
;     -- READ_DURING_WRITE_MODE_MIXED_PORTS ; OLD_DATA                          ;
+-------------------------------------------+-----------------------------------+


+-----------------------------------------------------------------+
; lpm_mult Parameter Settings by Entity Instance                  ;
+---------------------------------------+-------------------------+
; Name                                  ; Value                   ;
+---------------------------------------+-------------------------+
; Number of entity instances            ; 2                       ;
; Entity Instance                       ; CPU:inst|lpm_mult:Mult1 ;
;     -- LPM_WIDTHA                     ; 16                      ;
;     -- LPM_WIDTHB                     ; 11                      ;
;     -- LPM_WIDTHP                     ; 27                      ;
;     -- LPM_REPRESENTATION             ; UNSIGNED                ;
;     -- INPUT_A_IS_CONSTANT            ; NO                      ;
;     -- INPUT_B_IS_CONSTANT            ; NO                      ;
;     -- USE_EAB                        ; OFF                     ;
;     -- DEDICATED_MULTIPLIER_CIRCUITRY ; AUTO                    ;
;     -- INPUT_A_FIXED_VALUE            ; Bx                      ;
;     -- INPUT_B_FIXED_VALUE            ; Bx                      ;
; Entity Instance                       ; CPU:inst|lpm_mult:Mult0 ;
;     -- LPM_WIDTHA                     ; 16                      ;
;     -- LPM_WIDTHB                     ; 16                      ;
;     -- LPM_WIDTHP                     ; 32                      ;
;     -- LPM_REPRESENTATION             ; SIGNED                  ;
;     -- INPUT_A_IS_CONSTANT            ; NO                      ;
;     -- INPUT_B_IS_CONSTANT            ; NO                      ;
;     -- USE_EAB                        ; OFF                     ;
;     -- DEDICATED_MULTIPLIER_CIRCUITRY ; AUTO                    ;
;     -- INPUT_A_FIXED_VALUE            ; Bx                      ;
;     -- INPUT_B_FIXED_VALUE            ; Bx                      ;
+---------------------------------------+-------------------------+


+-------------------------------+
; Analysis & Synthesis Messages ;
+-------------------------------+
Info: *******************************************************************
Info: Running Quartus II Analysis & Synthesis
    Info: Version 9.0 Build 132 02/25/2009 SJ Web Edition
    Info: Processing started: Thu Jun 08 15:13:51 2023
Info: Command: quartus_map --read_settings_files=on --write_settings_files=off accumulator_computer -c accumulator_computer
Info: Found 1 design units, including 1 entities, in source file RAM.v
    Info: Found entity 1: RAM
Info: Found 1 design units, including 1 entities, in source file CPU.v
    Info: Found entity 1: CPU
Info: Found 1 design units, including 1 entities, in source file accumulator_computer.bdf
    Info: Found entity 1: accumulator_computer
Info: Elaborating entity "accumulator_computer" for the top level hierarchy
Info: Elaborating entity "CPU" for hierarchy "CPU:inst"
Warning (10230): Verilog HDL assignment warning at CPU.v(54): truncated value with size 32 to match size of target (7)
Info: Elaborating entity "RAM" for hierarchy "RAM:inst1"
Warning: Inferred RAM node "RAM:inst1|Memory~0" from synchronous design logic.  Pass-through logic has been added to match the read-during-write behavior of the original design.
Info: Inferred 1 megafunctions from design logic
    Info: Inferred altsyncram megafunction from the following design logic: "RAM:inst1|Memory~0" 
        Info: Parameter OPERATION_MODE set to DUAL_PORT
        Info: Parameter WIDTH_A set to 16
        Info: Parameter WIDTHAD_A set to 7
        Info: Parameter NUMWORDS_A set to 128
        Info: Parameter WIDTH_B set to 16
        Info: Parameter WIDTHAD_B set to 7
        Info: Parameter NUMWORDS_B set to 128
        Info: Parameter ADDRESS_ACLR_A set to NONE
        Info: Parameter OUTDATA_REG_B set to UNREGISTERED
        Info: Parameter ADDRESS_ACLR_B set to NONE
        Info: Parameter OUTDATA_ACLR_B set to NONE
        Info: Parameter ADDRESS_REG_B set to CLOCK0
        Info: Parameter INDATA_ACLR_A set to NONE
        Info: Parameter WRCONTROL_ACLR_A set to NONE
        Info: Parameter RAM_BLOCK_TYPE set to AUTO
        Info: Parameter INIT_FILE set to db/accumulator_computer.ram0_RAM_15119.hdl.mif
        Info: Parameter READ_DURING_WRITE_MODE_MIXED_PORTS set to OLD_DATA
Info: Inferred 4 megafunctions from design logic
    Info: Inferred multiplier megafunction ("lpm_mult") from the following logic: "CPU:inst|Mult1"
    Info: Inferred multiplier megafunction ("lpm_mult") from the following logic: "CPU:inst|Mult0"
    Info: Inferred divider/modulo megafunction ("lpm_divide") from the following logic: "CPU:inst|Div1"
    Info: Inferred divider/modulo megafunction ("lpm_divide") from the following logic: "CPU:inst|Div0"
Info: Elaborated megafunction instantiation "RAM:inst1|altsyncram:Memory_rtl_0"
Info: Instantiated megafunction "RAM:inst1|altsyncram:Memory_rtl_0" with the following parameter:
    Info: Parameter "OPERATION_MODE" = "DUAL_PORT"
    Info: Parameter "WIDTH_A" = "16"
    Info: Parameter "WIDTHAD_A" = "7"
    Info: Parameter "NUMWORDS_A" = "128"
    Info: Parameter "WIDTH_B" = "16"
    Info: Parameter "WIDTHAD_B" = "7"
    Info: Parameter "NUMWORDS_B" = "128"
    Info: Parameter "ADDRESS_ACLR_A" = "NONE"
    Info: Parameter "OUTDATA_REG_B" = "UNREGISTERED"
    Info: Parameter "ADDRESS_ACLR_B" = "NONE"
    Info: Parameter "OUTDATA_ACLR_B" = "NONE"
    Info: Parameter "ADDRESS_REG_B" = "CLOCK0"
    Info: Parameter "INDATA_ACLR_A" = "NONE"
    Info: Parameter "WRCONTROL_ACLR_A" = "NONE"
    Info: Parameter "RAM_BLOCK_TYPE" = "AUTO"
    Info: Parameter "INIT_FILE" = "db/accumulator_computer.ram0_RAM_15119.hdl.mif"
    Info: Parameter "READ_DURING_WRITE_MODE_MIXED_PORTS" = "OLD_DATA"
Info: Found 1 design units, including 1 entities, in source file db/altsyncram_p5o1.tdf
    Info: Found entity 1: altsyncram_p5o1
Warning: Memory Initialization File or Hexadecimal (Intel-Format) File "accumulator_computer.ram0_RAM_15119.hdl.mif" contains "don't care" values -- overwriting them with 0s
Warning: Memory Initialization File or Hexadecimal (Intel-Format) File "accumulator_computer.ram0_RAM_15119.hdl.mif" contains "don't care" values -- overwriting them with 0s
Info: Elaborated megafunction instantiation "CPU:inst|lpm_mult:Mult1"
Info: Instantiated megafunction "CPU:inst|lpm_mult:Mult1" with the following parameter:
    Info: Parameter "LPM_WIDTHA" = "16"
    Info: Parameter "LPM_WIDTHB" = "11"
    Info: Parameter "LPM_WIDTHP" = "27"
    Info: Parameter "LPM_WIDTHR" = "27"
    Info: Parameter "LPM_WIDTHS" = "1"
    Info: Parameter "LPM_REPRESENTATION" = "UNSIGNED"
    Info: Parameter "INPUT_A_IS_CONSTANT" = "NO"
    Info: Parameter "INPUT_B_IS_CONSTANT" = "NO"
    Info: Parameter "MAXIMIZE_SPEED" = "6"
    Info: Parameter "DEDICATED_MULTIPLIER_CIRCUITRY" = "AUTO"
Info: Found 1 design units, including 1 entities, in source file db/mult_av01.tdf
    Info: Found entity 1: mult_av01
Info: Elaborated megafunction instantiation "CPU:inst|lpm_mult:Mult0"
Info: Instantiated megafunction "CPU:inst|lpm_mult:Mult0" with the following parameter:
    Info: Parameter "LPM_WIDTHA" = "16"
    Info: Parameter "LPM_WIDTHB" = "16"
    Info: Parameter "LPM_WIDTHP" = "32"
    Info: Parameter "LPM_WIDTHR" = "32"
    Info: Parameter "LPM_WIDTHS" = "1"
    Info: Parameter "LPM_REPRESENTATION" = "SIGNED"
    Info: Parameter "INPUT_A_IS_CONSTANT" = "NO"
    Info: Parameter "INPUT_B_IS_CONSTANT" = "NO"
    Info: Parameter "MAXIMIZE_SPEED" = "5"
    Info: Parameter "DEDICATED_MULTIPLIER_CIRCUITRY" = "AUTO"
Info: Found 1 design units, including 1 entities, in source file db/mult_5o01.tdf
    Info: Found entity 1: mult_5o01
Info: Elaborated megafunction instantiation "CPU:inst|lpm_divide:Div1"
Info: Instantiated megafunction "CPU:inst|lpm_divide:Div1" with the following parameter:
    Info: Parameter "LPM_WIDTHN" = "16"
    Info: Parameter "LPM_WIDTHD" = "11"
    Info: Parameter "LPM_NREPRESENTATION" = "UNSIGNED"
    Info: Parameter "LPM_DREPRESENTATION" = "UNSIGNED"
Info: Found 1 design units, including 1 entities, in source file db/lpm_divide_vfm.tdf
    Info: Found entity 1: lpm_divide_vfm
Info: Found 1 design units, including 1 entities, in source file db/sign_div_unsign_8nh.tdf
    Info: Found entity 1: sign_div_unsign_8nh
Info: Found 1 design units, including 1 entities, in source file db/alt_u_div_i5f.tdf
    Info: Found entity 1: alt_u_div_i5f
Info: Found 1 design units, including 1 entities, in source file db/add_sub_lkc.tdf
    Info: Found entity 1: add_sub_lkc
Info: Found 1 design units, including 1 entities, in source file db/add_sub_mkc.tdf
    Info: Found entity 1: add_sub_mkc
Info: Elaborated megafunction instantiation "CPU:inst|lpm_divide:Div0"
Info: Instantiated megafunction "CPU:inst|lpm_divide:Div0" with the following parameter:
    Info: Parameter "LPM_WIDTHN" = "16"
    Info: Parameter "LPM_WIDTHD" = "16"
    Info: Parameter "LPM_NREPRESENTATION" = "SIGNED"
    Info: Parameter "LPM_DREPRESENTATION" = "SIGNED"
    Info: Parameter "LPM_HINT" = "LPM_REMAINDERPOSITIVE=FALSE"
Info: Found 1 design units, including 1 entities, in source file db/lpm_divide_rto.tdf
    Info: Found entity 1: lpm_divide_rto
Info: Found 1 design units, including 1 entities, in source file db/abs_divider_8dg.tdf
    Info: Found entity 1: abs_divider_8dg
Info: Found 1 design units, including 1 entities, in source file db/alt_u_div_s5f.tdf
    Info: Found entity 1: alt_u_div_s5f
Info: Found 1 design units, including 1 entities, in source file db/lpm_abs_2s9.tdf
    Info: Found entity 1: lpm_abs_2s9
Info: 5 registers lost all their fanouts during netlist optimizations. The first 5 are displayed below.
    Info: Register "CPU:inst|state~6" lost all its fanouts during netlist optimizations.
    Info: Register "CPU:inst|state~7" lost all its fanouts during netlist optimizations.
    Info: Register "CPU:inst|state~8" lost all its fanouts during netlist optimizations.
    Info: Register "CPU:inst|state~9" lost all its fanouts during netlist optimizations.
    Info: Register "CPU:inst|state~10" lost all its fanouts during netlist optimizations.
Info: Generated suppressed messages file C:/Users/Asus/OneDrive/Desktop/University/ENCS2380 - Computer Organisation and Microprocessor/Project/Verilog/accumulator_computer.map.smsg
Info: Implemented 984 device resources after synthesis - the final resource count might be different
    Info: Implemented 1 input pins
    Info: Implemented 4 output pins
    Info: Implemented 959 logic cells
    Info: Implemented 16 RAM segments
    Info: Implemented 4 DSP elements
Info: Quartus II Analysis & Synthesis was successful. 0 errors, 4 warnings
    Info: Peak virtual memory: 242 megabytes
    Info: Processing ended: Thu Jun 08 15:13:55 2023
    Info: Elapsed time: 00:00:04
    Info: Total CPU time (on all processors): 00:00:02


+------------------------------------------+
; Analysis & Synthesis Suppressed Messages ;
+------------------------------------------+
The suppressed messages can be found in C:/Users/Asus/OneDrive/Desktop/University/ENCS2380 - Computer Organisation and Microprocessor/Project/Verilog/accumulator_computer.map.smsg.


