Flow report for accumulator_computer
Thu Jun 08 15:14:02 2023
Quartus II Version 9.0 Build 132 02/25/2009 SJ Web Edition


---------------------
; Table of Contents ;
---------------------
  1. Legal Notice
  2. Flow Summary
  3. Flow Settings
  4. Flow Non-Default Global Settings
  5. Flow Elapsed Time
  6. Flow OS Summary
  7. Flow Log



----------------
; Legal Notice ;
----------------
Copyright (C) 1991-2009 Altera Corporation
Your use of Altera Corporation's design tools, logic functions 
and other software and tools, and its AMPP partner logic 
functions, and any output files from any of the foregoing 
(including device programming or simulation files), and any 
associated documentation or information are expressly subject 
to the terms and conditions of the Altera Program License 
Subscription Agreement, Altera MegaCore Function License 
Agreement, or other applicable license agreement, including, 
without limitation, that your use is for the sole purpose of 
programming logic devices manufactured by Altera and sold by 
Altera or its authorized distributors.  Please refer to the 
applicable agreement for further details.



+------------------------------------------------------------------------------+
; Flow Summary                                                                 ;
+------------------------------------+-----------------------------------------+
; Flow Status                        ; Successful - Thu Jun 08 15:14:01 2023   ;
; Quartus II Version                 ; 9.0 Build 132 02/25/2009 SJ Web Edition ;
; Revision Name                      ; accumulator_computer                    ;
; Top-level Entity Name              ; accumulator_computer                    ;
; Family                             ; Cyclone II                              ;
; Device                             ; EP2C20F484C8                            ;
; Timing Models                      ; Final                                   ;
; Met timing requirements            ; Yes                                     ;
; Total logic elements               ; 930 / 18,752 ( 5 % )                    ;
;     Total combinational functions  ; 884 / 18,752 ( 5 % )                    ;
;     Dedicated logic registers      ; 156 / 18,752 ( < 1 % )                  ;
; Total registers                    ; 156                                     ;
; Total pins                         ; 5 / 315 ( 2 % )                         ;
; Total virtual pins                 ; 0                                       ;
; Total memory bits                  ; 2,048 / 239,616 ( < 1 % )               ;
; Embedded Multiplier 9-bit elements ; 4 / 52 ( 8 % )                          ;
; Total PLLs                         ; 0 / 4 ( 0 % )                           ;
+------------------------------------+-----------------------------------------+


+------------------------------------------+
; Flow Settings                            ;
+-------------------+----------------------+
; Option            ; Setting              ;
+-------------------+----------------------+
; Start date & time ; 06/08/2023 15:13:51  ;
; Main task         ; Compilation          ;
; Revision Name     ; accumulator_computer ;
+-------------------+----------------------+


+--------------------------------------------------------------------------------------------------------------------+
; Flow Non-Default Global Settings                                                                                   ;
+------------------------------------+--------------------------------+---------------+-------------+----------------+
; Assignment Name                    ; Value                          ; Default Value ; Entity Name ; Section Id     ;
+------------------------------------+--------------------------------+---------------+-------------+----------------+
; COMPILER_SIGNATURE_ID              ; 96830616513146.168622643120280 ; --            ; --          ; --             ;
; MAX_CORE_JUNCTION_TEMP             ; 85                             ; --            ; --          ; --             ;
; MIN_CORE_JUNCTION_TEMP             ; 0                              ; --            ; --          ; --             ;
; PARTITION_COLOR                    ; 16764057                       ; --            ; --          ; Top            ;
; PARTITION_NETLIST_TYPE             ; SOURCE                         ; --            ; --          ; Top            ;
; USE_GENERATED_PHYSICAL_CONSTRAINTS ; Off                            ; --            ; --          ; eda_blast_fpga ;
+------------------------------------+--------------------------------+---------------+-------------+----------------+


+-----------------------------------------------------------------------------------------------------------------------------+
; Flow Elapsed Time                                                                                                           ;
+-------------------------+--------------+-------------------------+---------------------+------------------------------------+
; Module Name             ; Elapsed Time ; Average Processors Used ; Peak Virtual Memory ; Total CPU Time (on all processors) ;
+-------------------------+--------------+-------------------------+---------------------+------------------------------------+
; Analysis & Synthesis    ; 00:00:04     ; 1.0                     ; 242 MB              ; 00:00:02                           ;
; Fitter                  ; 00:00:02     ; 1.0                     ; 264 MB              ; 00:00:01                           ;
; Assembler               ; 00:00:01     ; 1.0                     ; 235 MB              ; 00:00:01                           ;
; Classic Timing Analyzer ; 00:00:00     ; 1.0                     ; 175 MB              ; 00:00:00                           ;
; Total                   ; 00:00:07     ; --                      ; --                  ; 00:00:04                           ;
+-------------------------+--------------+-------------------------+---------------------+------------------------------------+


+------------------------------------------------------------------------------------------+
; Flow OS Summary                                                                          ;
+-------------------------+------------------+---------------+------------+----------------+
; Module Name             ; Machine Hostname ; OS Name       ; OS Version ; Processor type ;
+-------------------------+------------------+---------------+------------+----------------+
; Analysis & Synthesis    ; Ax               ; Windows Vista ; 6.2        ; x86_64         ;
; Fitter                  ; Ax               ; Windows Vista ; 6.2        ; x86_64         ;
; Assembler               ; Ax               ; Windows Vista ; 6.2        ; x86_64         ;
; Classic Timing Analyzer ; Ax               ; Windows Vista ; 6.2        ; x86_64         ;
+-------------------------+------------------+---------------+------------+----------------+


------------
; Flow Log ;
------------
quartus_map --read_settings_files=on --write_settings_files=off accumulator_computer -c accumulator_computer
quartus_fit --read_settings_files=off --write_settings_files=off accumulator_computer -c accumulator_computer
quartus_asm --read_settings_files=off --write_settings_files=off accumulator_computer -c accumulator_computer
quartus_tan --read_settings_files=off --write_settings_files=off accumulator_computer -c accumulator_computer --timing_analysis_only



